# [OP] [LBA] [Size]
R 4 19
R 2268 2
T 8 6
W 65 17
W 479 12
R 40 4
W 6604 14
W 2911 2
W 47 22
W 70 19
R 86 20
W 6576 8
W 2394 10
W 9575 20
W 6858 10
R 91 16
W 7111 2
R 89 13
W 1643 4
W 7141 10
R 17 2
T 8 14
W 75 30
W 40 27
R 47 24
T 46 10
W 88 16
R 73 9
R 8870 16
W 7880 27
W 67 27
T 4338 31
W 63 28
R 45 30
R 8783 13
W 72 19
R 7762 18
W 45 21
W 43 19
R 41 11
R 65 5
W 68 26
W 93 9
W 17 31
R 378 29
R 907 27
W 111 8
W 36 5
R 5 29
R 3173 19
W 76 19
R 100 3
T 6697 25
T 99 1
W 95 9
T 8268 16
W 18 3
W 5318 22
W 7 8
W 98 23
R 96 23
W 29 31
T 53 15
W 771 16
W 3969 28
R 2683 4
W 55 18
W 4613 9
R 90 10
T 6801 9
W 34 28
W 80 32
W 3246 6
R 89 15
R 94 1
W 24 24
W 38 8
W 6491 23
T 95 17
R 5 4
R 71 2
W 33 28
R 6507 24
T 2807 24
R 9545 32
W 21 13
W 22 14
R 9118 9
W 842 30
T 4808 28
W 18 24
T 85 16
W 5010 21
W 7789 14
R 9140 11
W 7419 17
R 4551 32
T 6931 14
R 5338 7
R 96 24
